INFO:root:Embedding dim is 128.
INFO:root:RNN hidden dim is 512.
INFO:root:I am using 2 RNN layers.
INFO:root:Dropout is 0.5.
INFO:root:Batch size is 64.
INFO:root:Folder is bob.
INFO:root:Training on training_data/jan2017nov_above_186.csv.
INFO:root:Dictionary is in bob/dict.pkl.
INFO:root:Model is in bob/model.pt.
INFO:root:Loss info is in bob/losses.txt.
INFO:root:Best loss is in bob/bestloss.txt.
INFO:root:I aspire to train for 400 epochs.
INFO:root:I am training from scratch.
INFO:root:I will try to use CUDA.
INFO:root:I am using cuda.
INFO:root:2.1973435051703567
INFO:root:1.625615467295122
INFO:root:1.480632552689913
INFO:root:1.406109622791053
INFO:root:1.3591262626876102
INFO:root:1.3255526112597524
INFO:root:1.2997584354364131
INFO:root:1.2787309685392243
INFO:root:1.2606740220311725
INFO:root:1.2456719116731123
INFO:root:1.2315823991903279
INFO:root:1.2202593464600413
INFO:root:1.2090969667480322
INFO:root:1.199428792775533
INFO:root:1.1906612216000352
INFO:root:1.183282682770177
INFO:root:1.1754697030811219
INFO:root:1.1685843439193433
INFO:root:1.162475680050097
INFO:root:1.157240632048064
INFO:root:1.150398504220698
INFO:root:1.1455813811726547
INFO:root:1.1408768738285777
INFO:root:1.137027991445441
INFO:root:1.1326074041247938
INFO:root:1.1288760261672535
INFO:root:1.1257797553778834
INFO:root:1.1213780995190998
INFO:root:1.1198825465435047
INFO:root:1.116421544951115
INFO:root:1.1126495166258379
INFO:root:1.1110939620214215
INFO:root:1.1078742907948471
INFO:root:1.1054972375979264
INFO:root:1.104387080840517
INFO:root:1.1025564060256812
INFO:root:1.100069899308054
INFO:root:1.098311556013007
INFO:root:1.0971400167383076
INFO:root:1.0949502960916913
INFO:root:1.0938089355897676
INFO:root:1.092343068008788
INFO:root:1.0915928788162303
INFO:root:1.0901136135940916
INFO:root:1.0895902374714757
INFO:root:1.0890612157337973
INFO:root:1.0876155515606893
INFO:root:1.0872911140679173
INFO:root:1.0866829789996717
INFO:root:1.0857241085271516
INFO:root:1.0838337178435622
INFO:root:1.0837434826855454
INFO:root:1.0831372743588314
INFO:root:1.0828594020679236
INFO:root:1.082754321645892
INFO:root:1.0817297138095472
